<?xml version="1.0" encoding="UTF-8"?>
<!-- Generated by org.testng.reporters.JUnitReportReporter -->
<testsuite hostname="LAPTOP-FN86L8MD" failures="0" tests="2" name="Test2" time="0.007" errors="0" timestamp="2022-08-02T10:15:54 IST" skipped="0">
  <testcase classname="Test2" name="test1" time="0.006"/>
  <system-out/>
  <testcase classname="Test2" name="test2" time="0.001"/>
  <system-out/>
</testsuite> <!-- Test2 -->
