<?xml version="1.0" encoding="UTF-8"?>
<!-- Generated by org.testng.reporters.JUnitReportReporter -->
<testsuite hostname="LAPTOP-FN86L8MD" failures="0" tests="1" name="Test1" time="9.751" errors="0" timestamp="2022-07-31T11:58:04 IST" skipped="0">
  <testcase classname="Test1" name="testMethod" time="9.751"/>
  <system-out/>
</testsuite> <!-- Test1 -->
