<?xml version="1.0" encoding="UTF-8"?>
<!-- Generated by org.testng.reporters.JUnitReportReporter -->
<testsuite hostname="LAPTOP-FN86L8MD" failures="0" tests="1" name="test.Test1" time="6.505" errors="0" timestamp="2022-08-02T10:29:33 IST" skipped="0">
  <testcase classname="test.Test1" name="testMethod" time="6.505"/>
  <system-out/>
</testsuite> <!-- test.Test1 -->
