<?xml version="1.0" encoding="UTF-8"?>
<!-- Generated by org.testng.reporters.JUnitReportReporter -->
<testsuite hostname="LAPTOP-FN86L8MD" failures="0" tests="2" name="test.Test2" time="0.002" errors="0" timestamp="2022-08-02T10:29:33 IST" skipped="0">
  <testcase classname="test.Test2" name="test1" time="0.001"/>
  <system-out/>
  <testcase classname="test.Test2" name="test2" time="0.001"/>
  <system-out/>
</testsuite> <!-- test.Test2 -->
